<?xml version="1.0" encoding="UTF-8"?>
<!-- Generated by org.testng.reporters.JUnitReportReporter -->
<testsuite hostname="DESKTOP-NR7OAAO" failures="0" tests="1" name="Testcaseoutp.LoginpageTest" time="24.092" errors="0" timestamp="2024-07-04T18:43:05 IST" skipped="0">
  <testcase classname="Testcaseoutp.LoginpageTest" name="getr" time="24.092"/>
  <system-out/>
</testsuite> <!-- Testcaseoutp.LoginpageTest -->
