<?xml version="1.0" encoding="UTF-8"?>
<!-- Generated by org.testng.reporters.JUnitReportReporter -->
<testsuite hostname="DESKTOP-NR7OAAO" failures="0" tests="1" name="Testcaseoutp.OrderCourseTest" time="105.835" errors="0" timestamp="2024-06-22T17:56:11 IST" skipped="0">
  <testcase classname="Testcaseoutp.OrderCourseTest" name="gotocartpage" time="105.835"/>
  <system-out/>
</testsuite> <!-- Testcaseoutp.OrderCourseTest -->
