<?xml version="1.0" encoding="UTF-8"?>
<!-- Generated by org.testng.reporters.JUnitReportReporter -->
<testsuite hostname="DESKTOP-NR7OAAO" failures="0" tests="1" name="Testcaseoutp.doubleEntryAccess" time="16.135" errors="0" timestamp="2024-09-04T11:51:23 IST" skipped="0">
  <testcase classname="Testcaseoutp.doubleEntryAccess" name="checkdatauseraccess" time="16.135"/>
  <system-out/>
</testsuite> <!-- Testcaseoutp.doubleEntryAccess -->
