<?xml version="1.0" encoding="UTF-8"?>
<!-- Generated by org.testng.reporters.JUnitReportReporter -->
<testsuite hostname="DESKTOP-NR7OAAO" failures="0" tests="1" name="Testcaseoutp.AdminTest" time="42.295" errors="0" timestamp="2024-08-06T18:41:15 IST" skipped="0">
  <testcase classname="Testcaseoutp.AdminTest" name="CreateCoursetest" time="42.295"/>
  <system-out/>
</testsuite> <!-- Testcaseoutp.AdminTest -->
