<?xml version="1.0" encoding="UTF-8"?>
<!-- Generated by org.testng.reporters.JUnitReportReporter -->
<testsuite hostname="DESKTOP-NR7OAAO" failures="0" tests="2" name="Testcaseoutp.testclass" time="1.413" errors="0" timestamp="2024-09-03T00:48:11 IST" skipped="0">
  <testcase classname="Testcaseoutp.testclass" name="testMethod" time="1.213"/>
  <system-out/>
  <testcase classname="Testcaseoutp.testclass" name="testMethod" time="0.200"/>
  <system-out/>
</testsuite> <!-- Testcaseoutp.testclass -->
