<?xml version="1.0" encoding="UTF-8"?>
<!-- Generated by org.testng.reporters.JUnitReportReporter -->
<testsuite hostname="DESKTOP-NR7OAAO" failures="0" tests="1" name="Testcaseoutp.InstructorPanelTest" time="21.478" errors="0" timestamp="2024-07-01T16:14:13 IST" skipped="0">
  <testcase classname="Testcaseoutp.InstructorPanelTest" name="favtestinst" time="21.478"/>
  <system-out/>
</testsuite> <!-- Testcaseoutp.InstructorPanelTest -->
