<?xml version="1.0" encoding="UTF-8"?>
<!-- Generated by org.testng.reporters.JUnitReportReporter -->
<testsuite hostname="DESKTOP-NR7OAAO" failures="0" tests="58" name="Testcaseoutp.InstructorPanelTest" time="2900.457" errors="2" timestamp="2024-07-19T19:20:38 IST" skipped="6">
  <testcase classname="Testcaseoutp.InstructorPanelTest" name="launchbrowser" time="1396.636">
    <error message="Could not start a new session. Possible causes are invalid address of the remote server or browser start-up failure. 
Host info: host: &#039;DESKTOP-NR7OAAO&#039;, ip: &#039;192.168.29.224&#039;" type="org.openqa.selenium.SessionNotCreatedException">
      <![CDATA[org.openqa.selenium.SessionNotCreatedException: Could not start a new session. Possible causes are invalid address of the remote server or browser start-up failure. 
Host info: host: 'DESKTOP-NR7OAAO', ip: '192.168.29.224'
at org.openqa.selenium.remote.RemoteWebDriver.execute(RemoteWebDriver.java:536)
at org.openqa.selenium.remote.RemoteWebDriver.startSession(RemoteWebDriver.java:232)
at org.openqa.selenium.remote.RemoteWebDriver.<init>(RemoteWebDriver.java:161)
at org.openqa.selenium.chromium.ChromiumDriver.<init>(ChromiumDriver.java:114)
at org.openqa.selenium.chrome.ChromeDriver.<init>(ChromeDriver.java:88)
at org.openqa.selenium.chrome.ChromeDriver.<init>(ChromeDriver.java:83)
at org.openqa.selenium.chrome.ChromeDriver.<init>(ChromeDriver.java:51)
at baseclass.BaseTestclass.loadConfig(BaseTestclass.java:75)
at Testcaseoutp.InstructorPanelTest.launchbrowser(InstructorPanelTest.java:26)
at java.base/jdk.internal.reflect.DirectMethodHandleAccessor.invoke(DirectMethodHandleAccessor.java:103)
at java.base/java.lang.reflect.Method.invoke(Method.java:580)
at org.testng.internal.MethodInvocationHelper.invokeMethod(MethodInvocationHelper.java:133)
at org.testng.internal.MethodInvocationHelper.invokeMethodConsideringTimeout(MethodInvocationHelper.java:62)
at org.testng.internal.ConfigInvoker.invokeConfigurationMethod(ConfigInvoker.java:385)
at org.testng.internal.ConfigInvoker.invokeConfigurations(ConfigInvoker.java:321)
at org.testng.internal.TestInvoker.runConfigMethods(TestInvoker.java:700)
at org.testng.internal.TestInvoker.invokeMethod(TestInvoker.java:527)
at org.testng.internal.TestInvoker.invokeTestMethod(TestInvoker.java:173)
at org.testng.internal.MethodRunner.runInSequence(MethodRunner.java:46)
at org.testng.internal.TestInvoker$MethodInvocationAgent.invoke(TestInvoker.java:824)
at org.testng.internal.TestInvoker.invokeTestMethods(TestInvoker.java:146)
at org.testng.internal.TestMethodWorker.invokeTestMethods(TestMethodWorker.java:146)
at org.testng.internal.TestMethodWorker.run(TestMethodWorker.java:128)
at java.base/java.util.ArrayList.forEach(ArrayList.java:1597)
at org.testng.TestRunner.privateRun(TestRunner.java:794)
at org.testng.TestRunner.run(TestRunner.java:596)
at org.testng.SuiteRunner.runTest(SuiteRunner.java:377)
at org.testng.SuiteRunner.runSequentially(SuiteRunner.java:371)
at org.testng.SuiteRunner.privateRun(SuiteRunner.java:332)
at org.testng.SuiteRunner.run(SuiteRunner.java:276)
at org.testng.SuiteRunnerWorker.runSuite(SuiteRunnerWorker.java:53)
at org.testng.SuiteRunnerWorker.run(SuiteRunnerWorker.java:96)
at org.testng.TestNG.runSuitesSequentially(TestNG.java:1212)
at org.testng.TestNG.runSuitesLocally(TestNG.java:1134)
at org.testng.TestNG.runSuites(TestNG.java:1063)
at org.testng.TestNG.run(TestNG.java:1031)
at org.testng.remote.AbstractRemoteTestNG.run(AbstractRemoteTestNG.java:115)
at org.testng.remote.RemoteTestNG.initAndRun(RemoteTestNG.java:293)
at org.testng.remote.RemoteTestNG.main(RemoteTestNG.java:91)
Caused by: org.openqa.selenium.TimeoutException: java.net.http.HttpTimeoutException: request timed out
Build info: version: '4.20.0', revision: '866c76ca80'
System info: os.name: 'Windows 10', os.arch: 'amd64', os.version: '10.0', java.version: '22.0.1'
Driver info: driver.version: ChromeDriver
at org.openqa.selenium.remote.http.jdk.JdkHttpClient.execute0(JdkHttpClient.java:386)
at org.openqa.selenium.remote.http.AddSeleniumUserAgent.lambda$apply$0(AddSeleniumUserAgent.java:42)
at org.openqa.selenium.remote.http.Filter.lambda$andFinally$1(Filter.java:55)
at org.openqa.selenium.remote.http.jdk.JdkHttpClient.execute(JdkHttpClient.java:352)
at org.openqa.selenium.remote.ProtocolHandshake.createSession(ProtocolHandshake.java:89)
at org.openqa.selenium.remote.ProtocolHandshake.createSession(ProtocolHandshake.java:75)
at org.openqa.selenium.remote.ProtocolHandshake.createSession(ProtocolHandshake.java:61)
at org.openqa.selenium.remote.HttpCommandExecutor.execute(HttpCommandExecutor.java:162)
at org.openqa.selenium.remote.service.DriverCommandExecutor.invokeExecute(DriverCommandExecutor.java:216)
at org.openqa.selenium.remote.service.DriverCommandExecutor.execute(DriverCommandExecutor.java:174)
at org.openqa.selenium.remote.RemoteWebDriver.execute(RemoteWebDriver.java:518)
... 38 more
Caused by: java.net.http.HttpTimeoutException: request timed out
at java.net.http/jdk.internal.net.http.ResponseTimerEvent.handle(ResponseTimerEvent.java:63)
at java.net.http/jdk.internal.net.http.HttpClientImpl.purgeTimeoutsAndReturnNextDeadline(HttpClientImpl.java:1788)
at java.net.http/jdk.internal.net.http.HttpClientImpl$SelectorManager.run(HttpClientImpl.java:1385)
]]>
    </error>
  </testcase> <!-- launchbrowser -->
  <system-out/>
  <testcase classname="Testcaseoutp.InstructorPanelTest" name="courseopen" time="19.223"/>
  <system-out/>
  <testcase classname="Testcaseoutp.InstructorPanelTest" name="dashboard" time="17.091"/>
  <system-out/>
  <testcase classname="Testcaseoutp.InstructorPanelTest" name="coursemycourse" time="19.418"/>
  <system-out/>
  <testcase classname="Testcaseoutp.InstructorPanelTest" name="Courses" time="49.533"/>
  <system-out/>
  <testcase classname="Testcaseoutp.InstructorPanelTest" name="CoursesMycoursepage" time="33.307"/>
  <system-out/>
  <testcase classname="Testcaseoutp.InstructorPanelTest" name="mypurchessetab" time="19.066"/>
  <system-out/>
  <testcase classname="Testcaseoutp.InstructorPanelTest" name="myCoursecomments" time="16.063"/>
  <system-out/>
  <testcase classname="Testcaseoutp.InstructorPanelTest" name="favtestinst" time="23.659"/>
  <system-out/>
  <testcase classname="Testcaseoutp.InstructorPanelTest" name="CoursebundlesTest" time="40.001"/>
  <system-out/>
  <testcase classname="Testcaseoutp.InstructorPanelTest" name="NewCoursebundlesTest" time="46.421"/>
  <system-out/>
  <testcase classname="Testcaseoutp.InstructorPanelTest" name="MyBundleCoursebundlesTest" time="41.337"/>
  <system-out/>
  <testcase classname="Testcaseoutp.InstructorPanelTest" name="Assigmenttest" time="15.756"/>
  <system-out/>
  <testcase classname="Testcaseoutp.InstructorPanelTest" name="myAssigmenttest" time="12.884"/>
  <system-out/>
  <testcase classname="Testcaseoutp.InstructorPanelTest" name="StudentAssigmenttest" time="16.252"/>
  <system-out/>
  <testcase classname="Testcaseoutp.InstructorPanelTest" name="Meetingtest" time="13.830"/>
  <system-out/>
  <testcase classname="Testcaseoutp.InstructorPanelTest" name="reservationmtingtest" time="44.238"/>
  <system-out/>
  <testcase classname="Testcaseoutp.InstructorPanelTest" name="requestmeeting" time="41.434"/>
  <system-out/>
  <testcase classname="Testcaseoutp.InstructorPanelTest" name="requestmeetingadd" time="25.297"/>
  <system-out/>
  <testcase classname="Testcaseoutp.InstructorPanelTest" name="certificatetest" time="14.166"/>
  <system-out/>
  <testcase classname="Testcaseoutp.InstructorPanelTest" name="certificateList" time="31.800"/>
  <system-out/>
  <testcase classname="Testcaseoutp.InstructorPanelTest" name="certificate" time="15.127"/>
  <system-out/>
  <testcase classname="Testcaseoutp.InstructorPanelTest" name="certificateval" time="33.794"/>
  <system-out/>
  <testcase classname="Testcaseoutp.InstructorPanelTest" name="comletioncertificatetest" time="15.904"/>
  <system-out/>
  <testcase classname="Testcaseoutp.InstructorPanelTest" name="comletionTabnFinancial" time="24.670"/>
  <system-out/>
  <testcase classname="Testcaseoutp.InstructorPanelTest" name="comletionSalesreportl" time="31.549"/>
  <system-out/>
  <testcase classname="Testcaseoutp.InstructorPanelTest" name="FinSalesreportl" time="21.617"/>
  <system-out/>
  <testcase classname="Testcaseoutp.InstructorPanelTest" name="Finfinacsummary" time="19.388"/>
  <system-out/>
  <testcase classname="Testcaseoutp.InstructorPanelTest" name="Articles" time="33.599"/>
  <system-out/>
  <testcase classname="Testcaseoutp.InstructorPanelTest" name="FinfinfinacPayout" time="14.222"/>
  <system-out/>
  <testcase classname="Testcaseoutp.InstructorPanelTest" name="FinfinAddWalletMoney" time="15.218"/>
  <system-out/>
  <testcase classname="Testcaseoutp.InstructorPanelTest" name="FinfinAddSubscribe" time="14.828"/>
  <system-out/>
  <testcase classname="Testcaseoutp.InstructorPanelTest" name="FinfinInstallments" time="44.031"/>
  <system-out/>
  <testcase classname="Testcaseoutp.InstructorPanelTest" name="support" time="32.174"/>
  <system-out/>
  <testcase classname="Testcaseoutp.InstructorPanelTest" name="supportnewtest" time="15.162"/>
  <system-out/>
  <testcase classname="Testcaseoutp.InstructorPanelTest" name="supportnewscourseupporttest" time="24.603"/>
  <system-out/>
  <testcase classname="Testcaseoutp.InstructorPanelTest" name="supportnewTicketsttest" time="38.496"/>
  <system-out/>
  <testcase classname="Testcaseoutp.InstructorPanelTest" name="supportMarketingtest" time="28.260"/>
  <system-out/>
  <testcase classname="Testcaseoutp.InstructorPanelTest" name="sMarketingMarkDiscountstest" time="27.049"/>
  <system-out/>
  <testcase classname="Testcaseoutp.InstructorPanelTest" name="marktPromotionss" time="17.321"/>
  <system-out/>
  <testcase classname="Testcaseoutp.InstructorPanelTest" name="forum" time="34.254"/>
  <system-out/>
  <testcase classname="Testcaseoutp.InstructorPanelTest" name="forumnewForumsTopic" time="14.414"/>
  <system-out/>
  <testcase classname="Testcaseoutp.InstructorPanelTest" name="forumnewBookmark" time="33.516"/>
  <system-out/>
  <testcase classname="Testcaseoutp.InstructorPanelTest" name="Articlesnewart" time="53.825"/>
  <system-out/>
  <testcase classname="Testcaseoutp.InstructorPanelTest" name="ArticlComments" time="15.766"/>
  <system-out/>
  <testcase classname="Testcaseoutp.InstructorPanelTest" name="Noticeboardtest" time="11.981"/>
  <system-out/>
  <testcase classname="Testcaseoutp.InstructorPanelTest" name="Noticeboardtesto" time="43.371"/>
  <system-out/>
  <testcase classname="Testcaseoutp.InstructorPanelTest" name="Noticeboardhistorytesto" time="18.583"/>
  <system-out/>
  <testcase classname="Testcaseoutp.InstructorPanelTest" name="Noticeboardhistorytest" time="13.495"/>
  <system-out/>
  <testcase classname="Testcaseoutp.InstructorPanelTest" name="Noticeboarnewcourse" time="44.213"/>
  <system-out/>
  <testcase classname="Testcaseoutp.InstructorPanelTest" name="Noticeboarnewcoursenot" time="23.649"/>
  <system-out/>
  <testcase classname="Testcaseoutp.InstructorPanelTest" name="Noticeboarcourse" time="188.966">
    <error message="disconnected: unable to send message to renderer
  (failed to check if window was closed: disconnected: not connected to DevTools)
  (Session info: chrome=126.0.6478.128)
Build info: version: &#039;4.20.0&#039;, revision: &#039;866c76ca80&#039;
System info: os.name: &#039;Windows 10&#039;, os.arch: &#039;amd64&#039;, os.version: &#039;10.0&#039;, java.version: &#039;22.0.1&#039;
Driver info: org.openqa.selenium.chrome.ChromeDriver
Command: [9563fad648cb37cf759900c08baafe86, findElement {value=//span[normalize-space()=&#039;Noticeboard&#039;], using=xpath}]
Capabilities {acceptInsecureCerts: false, browserName: chrome, browserVersion: 126.0.6478.128, chrome: {chromedriverVersion: 126.0.6478.182 (5b5d8292ddf..., userDataDir: C:\Users\dell\AppData\Local...}, fedcm:accounts: true, goog:chromeOptions: {debuggerAddress: localhost:23394}, networkConnectionEnabled: false, pageLoadStrategy: normal, platformName: windows, proxy: Proxy(), se:cdp: ws://localhost:23394/devtoo..., se:cdpVersion: 126.0.6478.128, setWindowRect: true, strictFileInteractability: false, timeouts: {implicit: 0, pageLoad: 300000, script: 30000}, unhandledPromptBehavior: dismiss and notify, webauthn:extension:credBlob: true, webauthn:extension:largeBlob: true, webauthn:extension:minPinLength: true, webauthn:extension:prf: true, webauthn:virtualAuthenticators: true}
Session ID: 9563fad648cb37cf759900c08baafe86" type="org.openqa.selenium.WebDriverException">
      <![CDATA[org.openqa.selenium.WebDriverException: disconnected: unable to send message to renderer
  (failed to check if window was closed: disconnected: not connected to DevTools)
  (Session info: chrome=126.0.6478.128)
Build info: version: '4.20.0', revision: '866c76ca80'
System info: os.name: 'Windows 10', os.arch: 'amd64', os.version: '10.0', java.version: '22.0.1'
Driver info: org.openqa.selenium.chrome.ChromeDriver
Command: [9563fad648cb37cf759900c08baafe86, findElement {value=//span[normalize-space()='Noticeboard'], using=xpath}]
Capabilities {acceptInsecureCerts: false, browserName: chrome, browserVersion: 126.0.6478.128, chrome: {chromedriverVersion: 126.0.6478.182 (5b5d8292ddf..., userDataDir: C:\Users\dell\AppData\Local...}, fedcm:accounts: true, goog:chromeOptions: {debuggerAddress: localhost:23394}, networkConnectionEnabled: false, pageLoadStrategy: normal, platformName: windows, proxy: Proxy(), se:cdp: ws://localhost:23394/devtoo..., se:cdpVersion: 126.0.6478.128, setWindowRect: true, strictFileInteractability: false, timeouts: {implicit: 0, pageLoad: 300000, script: 30000}, unhandledPromptBehavior: dismiss and notify, webauthn:extension:credBlob: true, webauthn:extension:largeBlob: true, webauthn:extension:minPinLength: true, webauthn:extension:prf: true, webauthn:virtualAuthenticators: true}
Session ID: 9563fad648cb37cf759900c08baafe86
at java.base/jdk.internal.reflect.DirectConstructorHandleAccessor.newInstance(DirectConstructorHandleAccessor.java:62)
at java.base/java.lang.reflect.Constructor.newInstanceWithCaller(Constructor.java:502)
at java.base/java.lang.reflect.Constructor.newInstance(Constructor.java:486)
at org.openqa.selenium.remote.ErrorCodec.decode(ErrorCodec.java:167)
at org.openqa.selenium.remote.codec.w3c.W3CHttpResponseCodec.decode(W3CHttpResponseCodec.java:138)
at org.openqa.selenium.remote.codec.w3c.W3CHttpResponseCodec.decode(W3CHttpResponseCodec.java:50)
at org.openqa.selenium.remote.HttpCommandExecutor.execute(HttpCommandExecutor.java:190)
at org.openqa.selenium.remote.service.DriverCommandExecutor.invokeExecute(DriverCommandExecutor.java:216)
at org.openqa.selenium.remote.service.DriverCommandExecutor.execute(DriverCommandExecutor.java:174)
at org.openqa.selenium.remote.RemoteWebDriver.execute(RemoteWebDriver.java:518)
at org.openqa.selenium.remote.ElementLocation$ElementFinder$2.findElement(ElementLocation.java:165)
at org.openqa.selenium.remote.ElementLocation.findElement(ElementLocation.java:59)
at org.openqa.selenium.remote.RemoteWebDriver.findElement(RemoteWebDriver.java:355)
at org.openqa.selenium.remote.RemoteWebDriver.findElement(RemoteWebDriver.java:349)
at PageObject.InstructorDashboard.Noticeboard(InstructorDashboard.java:324)
at Testcaseoutp.InstructorPanelTest.Noticeboarcourse(InstructorPanelTest.java:1073)
at java.base/jdk.internal.reflect.DirectMethodHandleAccessor.invoke(DirectMethodHandleAccessor.java:103)
at java.base/java.lang.reflect.Method.invoke(Method.java:580)
at org.testng.internal.MethodInvocationHelper.invokeMethod(MethodInvocationHelper.java:133)
at org.testng.internal.TestInvoker.invokeMethod(TestInvoker.java:598)
at org.testng.internal.TestInvoker.invokeTestMethod(TestInvoker.java:173)
at org.testng.internal.MethodRunner.runInSequence(MethodRunner.java:46)
at org.testng.internal.TestInvoker$MethodInvocationAgent.invoke(TestInvoker.java:824)
at org.testng.internal.TestInvoker.invokeTestMethods(TestInvoker.java:146)
at org.testng.internal.TestMethodWorker.invokeTestMethods(TestMethodWorker.java:146)
at org.testng.internal.TestMethodWorker.run(TestMethodWorker.java:128)
at java.base/java.util.ArrayList.forEach(ArrayList.java:1597)
at org.testng.TestRunner.privateRun(TestRunner.java:794)
at org.testng.TestRunner.run(TestRunner.java:596)
at org.testng.SuiteRunner.runTest(SuiteRunner.java:377)
at org.testng.SuiteRunner.runSequentially(SuiteRunner.java:371)
at org.testng.SuiteRunner.privateRun(SuiteRunner.java:332)
at org.testng.SuiteRunner.run(SuiteRunner.java:276)
at org.testng.SuiteRunnerWorker.runSuite(SuiteRunnerWorker.java:53)
at org.testng.SuiteRunnerWorker.run(SuiteRunnerWorker.java:96)
at org.testng.TestNG.runSuitesSequentially(TestNG.java:1212)
at org.testng.TestNG.runSuitesLocally(TestNG.java:1134)
at org.testng.TestNG.runSuites(TestNG.java:1063)
at org.testng.TestNG.run(TestNG.java:1031)
at org.testng.remote.AbstractRemoteTestNG.run(AbstractRemoteTestNG.java:115)
at org.testng.remote.RemoteTestNG.initAndRun(RemoteTestNG.java:293)
at org.testng.remote.RemoteTestNG.main(RemoteTestNG.java:91)
]]>
    </error>
  </testcase> <!-- Noticeboarcourse -->
  <system-out/>
  <testcase classname="Testcaseoutp.InstructorPanelTest" name="notificationinst" time="0.000">
    <skipped/>
  </testcase> <!-- notificationinst -->
  <system-out/>
  <testcase classname="Testcaseoutp.InstructorPanelTest" name="inspanelSettingstest" time="0.000">
    <skipped/>
  </testcase> <!-- inspanelSettingstest -->
  <system-out/>
  <testcase classname="Testcaseoutp.InstructorPanelTest" name="Profileusertest" time="0.000">
    <skipped/>
  </testcase> <!-- Profileusertest -->
  <system-out/>
  <testcase classname="Testcaseoutp.InstructorPanelTest" name="logout" time="0.000">
    <skipped/>
  </testcase> <!-- logout -->
  <system-out/>
  <testcase classname="Testcaseoutp.InstructorPanelTest" name="profilename" time="0.000">
    <skipped/>
  </testcase> <!-- profilename -->
  <system-out/>
  <testcase classname="Testcaseoutp.InstructorPanelTest" name="checkuser" time="0.000">
    <skipped/>
  </testcase> <!-- checkuser -->
  <system-out/>
</testsuite> <!-- Testcaseoutp.InstructorPanelTest -->
