<?xml version="1.0" encoding="UTF-8"?>
<!-- Generated by org.testng.reporters.JUnitReportReporter -->
<testsuite hostname="DESKTOP-NR7OAAO" failures="0" tests="4" name="Testcaseoutp.LoginpageTest" time="184.282" errors="0" timestamp="2024-07-29T15:34:27 IST" skipped="0">
  <testcase classname="Testcaseoutp.LoginpageTest" name="loginTestmethod" time="23.910"/>
  <system-out/>
  <testcase classname="Testcaseoutp.LoginpageTest" name="loginTestmethodinvalid" time="32.035"/>
  <system-out/>
  <testcase classname="Testcaseoutp.LoginpageTest" name="loginforAdmintest" time="28.130"/>
  <system-out/>
  <testcase classname="Testcaseoutp.LoginpageTest" name="loginforInstructor" time="100.207"/>
  <system-out/>
</testsuite> <!-- Testcaseoutp.LoginpageTest -->
