<?xml version="1.0" encoding="UTF-8"?>
<!-- Generated by org.testng.reporters.JUnitReportReporter -->
<testsuite hostname="DESKTOP-NR7OAAO" failures="0" tests="1" name="Testcaseoutp.AmountCheckforcoursess" time="18.090" errors="0" timestamp="2024-09-25T19:30:39 IST" skipped="0">
  <testcase classname="Testcaseoutp.AmountCheckforcoursess" name="checkdatauseraccess" time="18.090"/>
  <system-out/>
</testsuite> <!-- Testcaseoutp.AmountCheckforcoursess -->
