<?xml version="1.0" encoding="UTF-8"?>
<!-- Generated by org.testng.reporters.JUnitReportReporter -->
<testsuite hostname="DESKTOP-NR7OAAO" failures="0" tests="3" name="Testcaseoutp.videAstromani" time="231.770" errors="0" timestamp="2024-09-03T00:33:50 IST" skipped="0">
  <testcase classname="Testcaseoutp.videAstromani" name="checkdatauseraccess" time="71.063"/>
  <system-out/>
  <testcase classname="Testcaseoutp.videAstromani" name="checkdatauseraccess" time="88.334"/>
  <system-out/>
  <testcase classname="Testcaseoutp.videAstromani" name="checkdatauseraccess" time="72.373"/>
  <system-out/>
</testsuite> <!-- Testcaseoutp.videAstromani -->
