<?xml version="1.0" encoding="UTF-8"?>
<!-- Generated by org.testng.reporters.JUnitReportReporter -->
<testsuite hostname="DESKTOP-NR7OAAO" failures="0" tests="3" name="Testcaseoutp.HomePagetests" time="24.925" errors="0" timestamp="2024-06-19T10:58:45 IST" skipped="0">
  <testcase classname="Testcaseoutp.HomePagetests" name="Logoicondesplayed" time="5.169"/>
  <system-out/>
  <testcase classname="Testcaseoutp.HomePagetests" name="OnlineCunsultation" time="9.348"/>
  <system-out/>
  <testcase classname="Testcaseoutp.HomePagetests" name="personalizedreport" time="10.408"/>
  <system-out/>
</testsuite> <!-- Testcaseoutp.HomePagetests -->
