<?xml version="1.0" encoding="UTF-8"?>
<!-- Generated by org.testng.reporters.JUnitReportReporter -->
<testsuite hostname="DESKTOP-NR7OAAO" failures="0" tests="1" name="Testcase.HomePageTest" time="46.474" errors="0" timestamp="2024-05-28T11:49:08 IST" skipped="0">
  <testcase classname="Testcase.HomePageTest" name="clickoncard" time="46.474"/>
  <system-out/>
</testsuite> <!-- Testcase.HomePageTest -->
