<?xml version="1.0" encoding="UTF-8"?>
<!-- Generated by org.testng.reporters.JUnitReportReporter -->
<testsuite hostname="DESKTOP-NR7OAAO" failures="0" tests="3" name="Testcaseoutp.OrderCourseTest" time="88.547" errors="0" timestamp="2024-07-27T18:39:43 IST" skipped="0">
  <testcase classname="Testcaseoutp.OrderCourseTest" name="courseselect" time="32.013"/>
  <system-out/>
  <testcase classname="Testcaseoutp.OrderCourseTest" name="addTocartbutton" time="37.061"/>
  <system-out/>
  <testcase classname="Testcaseoutp.OrderCourseTest" name="gotocartpage" time="19.473"/>
  <system-out/>
</testsuite> <!-- Testcaseoutp.OrderCourseTest -->
