<?xml version="1.0" encoding="UTF-8"?>
<!-- Generated by org.testng.reporters.JUnitReportReporter -->
<testsuite hostname="DESKTOP-NR7OAAO" failures="0" tests="36" name="Testcaseoutp.InstructorPanelTest" time="68.294" errors="1" timestamp="2024-07-18T19:05:50 IST" skipped="35">
  <testcase classname="Testcaseoutp.InstructorPanelTest" name="launchbrowser" time="68.294">
    <error message="Could not start a new session. Possible causes are invalid address of the remote server or browser start-up failure. 
Host info: host: &#039;DESKTOP-NR7OAAO&#039;, ip: &#039;192.168.29.224&#039;" type="org.openqa.selenium.SessionNotCreatedException">
      <![CDATA[org.openqa.selenium.SessionNotCreatedException: Could not start a new session. Possible causes are invalid address of the remote server or browser start-up failure. 
Host info: host: 'DESKTOP-NR7OAAO', ip: '192.168.29.224'
at org.openqa.selenium.remote.RemoteWebDriver.execute(RemoteWebDriver.java:536)
at org.openqa.selenium.remote.RemoteWebDriver.startSession(RemoteWebDriver.java:232)
at org.openqa.selenium.remote.RemoteWebDriver.<init>(RemoteWebDriver.java:161)
at org.openqa.selenium.chromium.ChromiumDriver.<init>(ChromiumDriver.java:114)
at org.openqa.selenium.chrome.ChromeDriver.<init>(ChromeDriver.java:88)
at org.openqa.selenium.chrome.ChromeDriver.<init>(ChromeDriver.java:83)
at org.openqa.selenium.chrome.ChromeDriver.<init>(ChromeDriver.java:51)
at baseclass.BaseTestclass.loadConfig(BaseTestclass.java:75)
at Testcaseoutp.InstructorPanelTest.launchbrowser(InstructorPanelTest.java:26)
at java.base/jdk.internal.reflect.DirectMethodHandleAccessor.invoke(DirectMethodHandleAccessor.java:103)
at java.base/java.lang.reflect.Method.invoke(Method.java:580)
at org.testng.internal.MethodInvocationHelper.invokeMethod(MethodInvocationHelper.java:133)
at org.testng.internal.MethodInvocationHelper.invokeMethodConsideringTimeout(MethodInvocationHelper.java:62)
at org.testng.internal.ConfigInvoker.invokeConfigurationMethod(ConfigInvoker.java:385)
at org.testng.internal.ConfigInvoker.invokeConfigurations(ConfigInvoker.java:321)
at org.testng.internal.TestInvoker.runConfigMethods(TestInvoker.java:700)
at org.testng.internal.TestInvoker.invokeMethod(TestInvoker.java:527)
at org.testng.internal.TestInvoker.invokeTestMethod(TestInvoker.java:173)
at org.testng.internal.MethodRunner.runInSequence(MethodRunner.java:46)
at org.testng.internal.TestInvoker$MethodInvocationAgent.invoke(TestInvoker.java:824)
at org.testng.internal.TestInvoker.invokeTestMethods(TestInvoker.java:146)
at org.testng.internal.TestMethodWorker.invokeTestMethods(TestMethodWorker.java:146)
at org.testng.internal.TestMethodWorker.run(TestMethodWorker.java:128)
at java.base/java.util.ArrayList.forEach(ArrayList.java:1597)
at org.testng.TestRunner.privateRun(TestRunner.java:794)
at org.testng.TestRunner.run(TestRunner.java:596)
at org.testng.SuiteRunner.runTest(SuiteRunner.java:377)
at org.testng.SuiteRunner.runSequentially(SuiteRunner.java:371)
at org.testng.SuiteRunner.privateRun(SuiteRunner.java:332)
at org.testng.SuiteRunner.run(SuiteRunner.java:276)
at org.testng.SuiteRunnerWorker.runSuite(SuiteRunnerWorker.java:53)
at org.testng.SuiteRunnerWorker.run(SuiteRunnerWorker.java:96)
at org.testng.TestNG.runSuitesSequentially(TestNG.java:1212)
at org.testng.TestNG.runSuitesLocally(TestNG.java:1134)
at org.testng.TestNG.runSuites(TestNG.java:1063)
at org.testng.TestNG.run(TestNG.java:1031)
at org.testng.remote.AbstractRemoteTestNG.run(AbstractRemoteTestNG.java:115)
at org.testng.remote.RemoteTestNG.initAndRun(RemoteTestNG.java:293)
at org.testng.remote.RemoteTestNG.main(RemoteTestNG.java:91)
Caused by: org.openqa.selenium.WebDriverException: Driver server process died prematurely.
Build info: version: '4.20.0', revision: '866c76ca80'
System info: os.name: 'Windows 10', os.arch: 'amd64', os.version: '10.0', java.version: '22.0.1'
Driver info: driver.version: ChromeDriver
at org.openqa.selenium.remote.service.DriverService.start(DriverService.java:246)
at org.openqa.selenium.remote.service.DriverCommandExecutor.execute(DriverCommandExecutor.java:117)
at org.openqa.selenium.remote.RemoteWebDriver.execute(RemoteWebDriver.java:518)
... 38 more
]]>
    </error>
  </testcase> <!-- launchbrowser -->
  <system-out/>
  <testcase classname="Testcaseoutp.InstructorPanelTest" name="comletioncertificatetest" time="0.000">
    <skipped/>
  </testcase> <!-- comletioncertificatetest -->
  <system-out/>
  <testcase classname="Testcaseoutp.InstructorPanelTest" name="comletionTabnFinancial" time="0.000">
    <skipped/>
  </testcase> <!-- comletionTabnFinancial -->
  <system-out/>
  <testcase classname="Testcaseoutp.InstructorPanelTest" name="comletionSalesreportl" time="0.000">
    <skipped/>
  </testcase> <!-- comletionSalesreportl -->
  <system-out/>
  <testcase classname="Testcaseoutp.InstructorPanelTest" name="FinSalesreportl" time="0.000">
    <skipped/>
  </testcase> <!-- FinSalesreportl -->
  <system-out/>
  <testcase classname="Testcaseoutp.InstructorPanelTest" name="Finfinacsummary" time="0.000">
    <skipped/>
  </testcase> <!-- Finfinacsummary -->
  <system-out/>
  <testcase classname="Testcaseoutp.InstructorPanelTest" name="FinfinfinacPayout" time="0.000">
    <skipped/>
  </testcase> <!-- FinfinfinacPayout -->
  <system-out/>
  <testcase classname="Testcaseoutp.InstructorPanelTest" name="FinfinAddWalletMoney" time="0.000">
    <skipped/>
  </testcase> <!-- FinfinAddWalletMoney -->
  <system-out/>
  <testcase classname="Testcaseoutp.InstructorPanelTest" name="FinfinAddSubscribe" time="0.000">
    <skipped/>
  </testcase> <!-- FinfinAddSubscribe -->
  <system-out/>
  <testcase classname="Testcaseoutp.InstructorPanelTest" name="FinfinInstallments" time="0.000">
    <skipped/>
  </testcase> <!-- FinfinInstallments -->
  <system-out/>
  <testcase classname="Testcaseoutp.InstructorPanelTest" name="support" time="0.000">
    <skipped/>
  </testcase> <!-- support -->
  <system-out/>
  <testcase classname="Testcaseoutp.InstructorPanelTest" name="supportnewtest" time="0.000">
    <skipped/>
  </testcase> <!-- supportnewtest -->
  <system-out/>
  <testcase classname="Testcaseoutp.InstructorPanelTest" name="supportnewscourseupporttest" time="0.000">
    <skipped/>
  </testcase> <!-- supportnewscourseupporttest -->
  <system-out/>
  <testcase classname="Testcaseoutp.InstructorPanelTest" name="supportnewTicketsttest" time="0.000">
    <skipped/>
  </testcase> <!-- supportnewTicketsttest -->
  <system-out/>
  <testcase classname="Testcaseoutp.InstructorPanelTest" name="supportMarketingtest" time="0.000">
    <skipped/>
  </testcase> <!-- supportMarketingtest -->
  <system-out/>
  <testcase classname="Testcaseoutp.InstructorPanelTest" name="sMarketingMarkDiscountstest" time="0.000">
    <skipped/>
  </testcase> <!-- sMarketingMarkDiscountstest -->
  <system-out/>
  <testcase classname="Testcaseoutp.InstructorPanelTest" name="marktPromotionss" time="0.000">
    <skipped/>
  </testcase> <!-- marktPromotionss -->
  <system-out/>
  <testcase classname="Testcaseoutp.InstructorPanelTest" name="forum" time="0.000">
    <skipped/>
  </testcase> <!-- forum -->
  <system-out/>
  <testcase classname="Testcaseoutp.InstructorPanelTest" name="forumnewBookmark" time="0.000">
    <skipped/>
  </testcase> <!-- forumnewBookmark -->
  <system-out/>
  <testcase classname="Testcaseoutp.InstructorPanelTest" name="forumnewForumsTopic" time="0.000">
    <skipped/>
  </testcase> <!-- forumnewForumsTopic -->
  <system-out/>
  <testcase classname="Testcaseoutp.InstructorPanelTest" name="Articles" time="0.000">
    <skipped/>
  </testcase> <!-- Articles -->
  <system-out/>
  <testcase classname="Testcaseoutp.InstructorPanelTest" name="Articlesnewart" time="0.000">
    <skipped/>
  </testcase> <!-- Articlesnewart -->
  <system-out/>
  <testcase classname="Testcaseoutp.InstructorPanelTest" name="ArticlComments" time="0.000">
    <skipped/>
  </testcase> <!-- ArticlComments -->
  <system-out/>
  <testcase classname="Testcaseoutp.InstructorPanelTest" name="Noticeboardtest" time="0.000">
    <skipped/>
  </testcase> <!-- Noticeboardtest -->
  <system-out/>
  <testcase classname="Testcaseoutp.InstructorPanelTest" name="Noticeboardtesto" time="0.000">
    <skipped/>
  </testcase> <!-- Noticeboardtesto -->
  <system-out/>
  <testcase classname="Testcaseoutp.InstructorPanelTest" name="Noticeboardhistorytesto" time="0.000">
    <skipped/>
  </testcase> <!-- Noticeboardhistorytesto -->
  <system-out/>
  <testcase classname="Testcaseoutp.InstructorPanelTest" name="Noticeboardhistorytest" time="0.000">
    <skipped/>
  </testcase> <!-- Noticeboardhistorytest -->
  <system-out/>
  <testcase classname="Testcaseoutp.InstructorPanelTest" name="Noticeboarnewcourse" time="0.000">
    <skipped/>
  </testcase> <!-- Noticeboarnewcourse -->
  <system-out/>
  <testcase classname="Testcaseoutp.InstructorPanelTest" name="Noticeboarnewcoursenot" time="0.000">
    <skipped/>
  </testcase> <!-- Noticeboarnewcoursenot -->
  <system-out/>
  <testcase classname="Testcaseoutp.InstructorPanelTest" name="Noticeboarcourse" time="0.000">
    <skipped/>
  </testcase> <!-- Noticeboarcourse -->
  <system-out/>
  <testcase classname="Testcaseoutp.InstructorPanelTest" name="notificationinst" time="0.000">
    <skipped/>
  </testcase> <!-- notificationinst -->
  <system-out/>
  <testcase classname="Testcaseoutp.InstructorPanelTest" name="inspanelSettingstest" time="0.000">
    <skipped/>
  </testcase> <!-- inspanelSettingstest -->
  <system-out/>
  <testcase classname="Testcaseoutp.InstructorPanelTest" name="Profileusertest" time="0.000">
    <skipped/>
  </testcase> <!-- Profileusertest -->
  <system-out/>
  <testcase classname="Testcaseoutp.InstructorPanelTest" name="logout" time="0.000">
    <skipped/>
  </testcase> <!-- logout -->
  <system-out/>
  <testcase classname="Testcaseoutp.InstructorPanelTest" name="profilename" time="0.000">
    <skipped/>
  </testcase> <!-- profilename -->
  <system-out/>
  <testcase classname="Testcaseoutp.InstructorPanelTest" name="checkuser" time="0.000">
    <skipped/>
  </testcase> <!-- checkuser -->
  <system-out/>
</testsuite> <!-- Testcaseoutp.InstructorPanelTest -->
