<?xml version="1.0" encoding="UTF-8"?>
<!-- Generated by org.testng.reporters.JUnitReportReporter -->
<testsuite hostname="DESKTOP-NR7OAAO" failures="0" tests="1" name="Testcaseoutp.UserPaneTest" time="21.861" errors="0" timestamp="2024-08-02T19:09:31 IST" skipped="0">
  <testcase classname="Testcaseoutp.UserPaneTest" name="createtickettest" time="21.861"/>
  <system-out/>
</testsuite> <!-- Testcaseoutp.UserPaneTest -->
