<?xml version="1.0" encoding="UTF-8"?>
<!-- Generated by org.testng.reporters.JUnitReportReporter -->
<testsuite hostname="DESKTOP-NR7OAAO" failures="0" tests="3" name="Testcaseoutp.LoginpageTest" time="62.838" errors="0" timestamp="2024-09-10T13:18:32 IST" skipped="0">
  <testcase classname="Testcaseoutp.LoginpageTest" name="loginTestmethod" time="30.840"/>
  <system-out/>
  <testcase classname="Testcaseoutp.LoginpageTest" name="loginTestmethodinvalid" time="13.999"/>
  <system-out/>
  <testcase classname="Testcaseoutp.LoginpageTest" name="loginforInstructor" time="17.999"/>
  <system-out/>
</testsuite> <!-- Testcaseoutp.LoginpageTest -->
