<?xml version="1.0" encoding="UTF-8"?>
<!-- Generated by org.testng.reporters.JUnitReportReporter -->
<testsuite hostname="DESKTOP-NR7OAAO" failures="0" tests="3" name="Testcaseoutp.consultationPageTest" time="83.359" errors="0" timestamp="2024-07-27T19:19:17 IST" skipped="0">
  <testcase classname="Testcaseoutp.consultationPageTest" name="consultationAstrolisttest" time="31.238"/>
  <system-out/>
  <testcase classname="Testcaseoutp.consultationPageTest" name="bookConsultation" time="26.245"/>
  <system-out/>
  <testcase classname="Testcaseoutp.consultationPageTest" name="select" time="25.876"/>
  <system-out/>
</testsuite> <!-- Testcaseoutp.consultationPageTest -->
