<?xml version="1.0" encoding="UTF-8"?>
<!-- Generated by org.testng.reporters.JUnitReportReporter -->
<testsuite hostname="DESKTOP-NR7OAAO" failures="0" tests="1" name="Testcaseoutp.OrderCourseTest" time="41.631" errors="0" timestamp="2024-09-05T18:46:56 IST" skipped="0">
  <testcase classname="Testcaseoutp.OrderCourseTest" name="courseselect" time="41.631"/>
  <system-out/>
</testsuite> <!-- Testcaseoutp.OrderCourseTest -->
