<?xml version="1.0" encoding="UTF-8"?>
<!-- Generated by org.testng.reporters.JUnitReportReporter -->
<testsuite hostname="DESKTOP-NR7OAAO" failures="0" tests="3" name="Testcaseoutp.LoginpageTest" time="141.794" errors="0" timestamp="2024-06-19T10:58:45 IST" skipped="0">
  <testcase classname="Testcaseoutp.LoginpageTest" name="loginTestmethod" time="50.039"/>
  <system-out/>
  <testcase classname="Testcaseoutp.LoginpageTest" name="loginforAdmintest" time="24.947"/>
  <system-out/>
  <testcase classname="Testcaseoutp.LoginpageTest" name="secondtest" time="66.808"/>
  <system-out/>
</testsuite> <!-- Testcaseoutp.LoginpageTest -->
