<?xml version="1.0" encoding="UTF-8"?>
<!-- Generated by org.testng.reporters.JUnitReportReporter -->
<testsuite hostname="DESKTOP-NR7OAAO" failures="0" tests="1" name="Testcaseoutp.SignUpTest" time="36.386" errors="0" timestamp="2024-06-14T16:28:01 IST" skipped="0">
  <testcase classname="Testcaseoutp.SignUpTest" name="deleteuser" time="36.386"/>
  <system-out/>
</testsuite> <!-- Testcaseoutp.SignUpTest -->
