<?xml version="1.0" encoding="UTF-8"?>
<!-- Generated by org.testng.reporters.JUnitReportReporter -->
<testsuite hostname="DESKTOP-NR7OAAO" failures="0" tests="1" name="Testcaseoutp.AdminTest" time="42.324" errors="0" timestamp="2024-08-13T15:46:19 IST" skipped="0">
  <testcase classname="Testcaseoutp.AdminTest" name="discounnt" time="42.324"/>
  <system-out/>
</testsuite> <!-- Testcaseoutp.AdminTest -->
