<?xml version="1.0" encoding="UTF-8"?>
<!-- Generated by org.testng.reporters.JUnitReportReporter -->
<testsuite hostname="DESKTOP-NR7OAAO" failures="0" tests="2" name="Testcaseoutp.LoginpageTest" time="2.080" errors="0" timestamp="2024-07-05T18:06:51 IST" skipped="0">
  <testcase classname="Testcaseoutp.LoginpageTest" name="getr" time="1.349"/>
  <system-out/>
  <testcase classname="Testcaseoutp.LoginpageTest" name="Astrolok" time="0.731"/>
  <system-out/>
</testsuite> <!-- Testcaseoutp.LoginpageTest -->
