<?xml version="1.0" encoding="UTF-8"?>
<!-- Generated by org.testng.reporters.JUnitReportReporter -->
<testsuite hostname="DESKTOP-NR7OAAO" failures="0" tests="3" name="Testcaseoutp.consultationPageTest" time="117.492" errors="0" timestamp="2024-06-22T18:35:58 IST" skipped="0">
  <testcase classname="Testcaseoutp.consultationPageTest" name="consultationAstrolisttest" time="42.372"/>
  <system-out/>
  <testcase classname="Testcaseoutp.consultationPageTest" name="bookConsultation" time="21.115"/>
  <system-out/>
  <testcase classname="Testcaseoutp.consultationPageTest" name="select" time="54.005"/>
  <system-out/>
</testsuite> <!-- Testcaseoutp.consultationPageTest -->
