<?xml version="1.0" encoding="UTF-8"?>
<!-- Generated by org.testng.reporters.JUnitReportReporter -->
<testsuite hostname="DESKTOP-NR7OAAO" failures="0" tests="3" name="Testcaseoutp.UserPaneTest" time="82.341" errors="0" timestamp="2024-09-18T16:27:58 IST" skipped="0">
  <testcase classname="Testcaseoutp.UserPaneTest" name="ticketcustom" time="16.701"/>
  <system-out/>
  <testcase classname="Testcaseoutp.UserPaneTest" name="createtickettest" time="20.877"/>
  <system-out/>
  <testcase classname="Testcaseoutp.UserPaneTest" name="checkticketinadmin" time="44.763"/>
  <system-out/>
</testsuite> <!-- Testcaseoutp.UserPaneTest -->
