<?xml version="1.0" encoding="UTF-8"?>
<!-- Generated by org.testng.reporters.JUnitReportReporter -->
<testsuite hostname="DESKTOP-NR7OAAO" failures="0" tests="2" name="Testcase.SignUpTest" time="0.000" errors="0" timestamp="2024-05-28T11:35:13 IST" skipped="2">
  <testcase classname="Testcase.SignUpTest" name="resgisteraton" time="0.000">
    <skipped/>
  </testcase> <!-- resgisteraton -->
  <system-out/>
  <testcase classname="Testcase.SignUpTest" name="resgisteraton" time="0.000">
    <skipped/>
  </testcase> <!-- resgisteraton -->
  <system-out/>
</testsuite> <!-- Testcase.SignUpTest -->
