<?xml version="1.0" encoding="UTF-8"?>
<!-- Generated by org.testng.reporters.JUnitReportReporter -->
<testsuite hostname="DESKTOP-NR7OAAO" failures="0" tests="1" name="Testcaseoutp.Astrosiromani24" time="27.114" errors="0" timestamp="2024-07-25T14:15:21 IST" skipped="0">
  <testcase classname="Testcaseoutp.Astrosiromani24" name="courseselect" time="27.114"/>
  <system-out/>
</testsuite> <!-- Testcaseoutp.Astrosiromani24 -->
