<?xml version="1.0" encoding="UTF-8"?>
<!-- Generated by org.testng.reporters.JUnitReportReporter -->
<testsuite hostname="DESKTOP-NR7OAAO" failures="0" tests="3" name="Testcaseoutp.HomePagetests" time="39.266" errors="0" timestamp="2024-06-27T18:57:10 IST" skipped="0">
  <testcase classname="Testcaseoutp.HomePagetests" name="Logoicondesplayed" time="8.565"/>
  <system-out/>
  <testcase classname="Testcaseoutp.HomePagetests" name="OnlineCunsultation" time="22.026"/>
  <system-out/>
  <testcase classname="Testcaseoutp.HomePagetests" name="personalizedreport" time="8.675"/>
  <system-out/>
</testsuite> <!-- Testcaseoutp.HomePagetests -->
