<?xml version="1.0" encoding="UTF-8"?>
<!-- Generated by org.testng.reporters.JUnitReportReporter -->
<testsuite hostname="DESKTOP-NR7OAAO" failures="0" tests="11" name="Testcaseoutp.HomePagetests" time="120.546" errors="0" timestamp="2024-07-29T15:34:27 IST" skipped="0">
  <testcase classname="Testcaseoutp.HomePagetests" name="Logoicondesplayed" time="5.792"/>
  <system-out/>
  <testcase classname="Testcaseoutp.HomePagetests" name="OnlineCunsultation" time="10.117"/>
  <system-out/>
  <testcase classname="Testcaseoutp.HomePagetests" name="personalizedreport" time="8.861"/>
  <system-out/>
  <testcase classname="Testcaseoutp.HomePagetests" name="viewallfirsthind" time="13.279"/>
  <system-out/>
  <testcase classname="Testcaseoutp.HomePagetests" name="viewallenglish" time="6.559"/>
  <system-out/>
  <testcase classname="Testcaseoutp.HomePagetests" name="viewallAstro" time="8.549"/>
  <system-out/>
  <testcase classname="Testcaseoutp.HomePagetests" name="viewallinstructorrr" time="5.784"/>
  <system-out/>
  <testcase classname="Testcaseoutp.HomePagetests" name="contactuspage" time="37.112"/>
  <system-out/>
  <testcase classname="Testcaseoutp.HomePagetests" name="socialmedialiinksmethos" time="8.956"/>
  <system-out/>
  <testcase classname="Testcaseoutp.HomePagetests" name="addresstes" time="5.903"/>
  <system-out/>
  <testcase classname="Testcaseoutp.HomePagetests" name="getintouchEmail" time="9.634"/>
  <system-out/>
</testsuite> <!-- Testcaseoutp.HomePagetests -->
