<?xml version="1.0" encoding="UTF-8"?>
<!-- Generated by org.testng.reporters.JUnitReportReporter -->
<testsuite hostname="DESKTOP-NR7OAAO" failures="0" tests="1" name="Testcaseoutp.LoginpageTest" time="45.109" errors="0" timestamp="2024-06-27T18:51:57 IST" skipped="0">
  <testcase classname="Testcaseoutp.LoginpageTest" name="loginTestmethod" time="45.109"/>
  <system-out/>
</testsuite> <!-- Testcaseoutp.LoginpageTest -->
