<?xml version="1.0" encoding="UTF-8"?>
<!-- Generated by org.testng.reporters.JUnitReportReporter -->
<testsuite hostname="DESKTOP-NR7OAAO" failures="0" tests="1" name="Testcaseoutp.OrderCourseTest" time="34.654" errors="0" timestamp="2024-08-14T12:56:58 IST" skipped="0">
  <testcase classname="Testcaseoutp.OrderCourseTest" name="Completeorderdetails" time="34.654"/>
  <system-out/>
</testsuite> <!-- Testcaseoutp.OrderCourseTest -->
