<?xml version="1.0" encoding="UTF-8"?>
<!-- Generated by org.testng.reporters.JUnitReportReporter -->
<testsuite hostname="DESKTOP-NR7OAAO" failures="0" tests="1" name="Testcaseoutp.LoginpageTest" time="12.938" errors="0" timestamp="2024-06-28T17:08:02 IST" skipped="0">
  <testcase classname="Testcaseoutp.LoginpageTest" name="loginTestmethod" time="12.938"/>
  <system-out/>
</testsuite> <!-- Testcaseoutp.LoginpageTest -->
