<?xml version="1.0" encoding="UTF-8"?>
<!-- Generated by org.testng.reporters.JUnitReportReporter -->
<testsuite hostname="DESKTOP-NR7OAAO" failures="0" tests="1" name="Testcaseoutp.InstructorPanelTest" time="19.899" errors="0" timestamp="2024-06-29T18:57:58 IST" skipped="0">
  <testcase classname="Testcaseoutp.InstructorPanelTest" name="courseopen" time="19.899"/>
  <system-out/>
</testsuite> <!-- Testcaseoutp.InstructorPanelTest -->
