<?xml version="1.0" encoding="UTF-8"?>
<!-- Generated by org.testng.reporters.JUnitReportReporter -->
<testsuite hostname="DESKTOP-NR7OAAO" failures="0" tests="1" name="Testcaseoutp.QuizcopyAutomation" time="19.108" errors="0" timestamp="2024-09-17T15:50:40 IST" skipped="0">
  <testcase classname="Testcaseoutp.QuizcopyAutomation" name="Quizcopy" time="19.108"/>
  <system-out/>
</testsuite> <!-- Testcaseoutp.QuizcopyAutomation -->
