<?xml version="1.0" encoding="UTF-8"?>
<!-- Generated by org.testng.reporters.JUnitReportReporter -->
<testsuite hostname="DESKTOP-NR7OAAO" failures="0" tests="1" name="Testcaseoutp.InstructorPanel" time="0.859" errors="0" timestamp="2024-06-19T17:48:32 IST" skipped="0">
  <testcase classname="Testcaseoutp.InstructorPanel" name="test" time="0.859"/>
  <system-out/>
</testsuite> <!-- Testcaseoutp.InstructorPanel -->
