<?xml version="1.0" encoding="UTF-8"?>
<!-- Generated by org.testng.reporters.JUnitReportReporter -->
<testsuite hostname="DESKTOP-NR7OAAO" failures="0" tests="1" name="Testcaseoutp.videochecktest" time="52.855" errors="0" timestamp="2024-08-29T17:22:37 IST" skipped="0">
  <testcase classname="Testcaseoutp.videochecktest" name="checkdatauseraccess" time="52.855"/>
  <system-out/>
</testsuite> <!-- Testcaseoutp.videochecktest -->
