<?xml version="1.0" encoding="UTF-8"?>
<!-- Generated by org.testng.reporters.JUnitReportReporter -->
<testsuite hostname="DESKTOP-NR7OAAO" failures="0" tests="57" name="Testcaseoutp.InstructorPanelTest" time="1540.594" errors="2" timestamp="2024-07-29T15:34:27 IST" skipped="0">
  <testcase classname="Testcaseoutp.InstructorPanelTest" name="courseopen" time="21.644"/>
  <system-out/>
  <testcase classname="Testcaseoutp.InstructorPanelTest" name="dashboard" time="45.666"/>
  <system-out/>
  <testcase classname="Testcaseoutp.InstructorPanelTest" name="Courses" time="28.816"/>
  <system-out/>
  <testcase classname="Testcaseoutp.InstructorPanelTest" name="coursemycourse" time="18.421"/>
  <system-out/>
  <testcase classname="Testcaseoutp.InstructorPanelTest" name="CoursesMycoursepage" time="17.080"/>
  <system-out/>
  <testcase classname="Testcaseoutp.InstructorPanelTest" name="mypurchessetab" time="19.918"/>
  <system-out/>
  <testcase classname="Testcaseoutp.InstructorPanelTest" name="myCoursecomments" time="45.466"/>
  <system-out/>
  <testcase classname="Testcaseoutp.InstructorPanelTest" name="favtestinst" time="16.645"/>
  <system-out/>
  <testcase classname="Testcaseoutp.InstructorPanelTest" name="CoursebundlesTest" time="33.527"/>
  <system-out/>
  <testcase classname="Testcaseoutp.InstructorPanelTest" name="NewCoursebundlesTest" time="17.553"/>
  <system-out/>
  <testcase classname="Testcaseoutp.InstructorPanelTest" name="MyBundleCoursebundlesTest" time="17.042"/>
  <system-out/>
  <testcase classname="Testcaseoutp.InstructorPanelTest" name="Assigmenttest" time="33.050"/>
  <system-out/>
  <testcase classname="Testcaseoutp.InstructorPanelTest" name="myAssigmenttest" time="62.481"/>
  <system-out/>
  <testcase classname="Testcaseoutp.InstructorPanelTest" name="StudentAssigmenttest" time="26.197"/>
  <system-out/>
  <testcase classname="Testcaseoutp.InstructorPanelTest" name="Meetingtest" time="16.933"/>
  <system-out/>
  <testcase classname="Testcaseoutp.InstructorPanelTest" name="requestmeeting" time="44.416"/>
  <system-out/>
  <testcase classname="Testcaseoutp.InstructorPanelTest" name="reservationmtingtest" time="15.367"/>
  <system-out/>
  <testcase classname="Testcaseoutp.InstructorPanelTest" name="requestmeetingadd" time="26.885"/>
  <system-out/>
  <testcase classname="Testcaseoutp.InstructorPanelTest" name="certificatetest" time="15.782"/>
  <system-out/>
  <testcase classname="Testcaseoutp.InstructorPanelTest" name="certificateList" time="27.410"/>
  <system-out/>
  <testcase classname="Testcaseoutp.InstructorPanelTest" name="certificate" time="26.678"/>
  <system-out/>
  <testcase classname="Testcaseoutp.InstructorPanelTest" name="certificateval" time="17.715"/>
  <system-out/>
  <testcase classname="Testcaseoutp.InstructorPanelTest" name="comletioncertificatetest" time="34.554"/>
  <system-out/>
  <testcase classname="Testcaseoutp.InstructorPanelTest" name="comletionTabnFinancial" time="14.812"/>
  <system-out/>
  <testcase classname="Testcaseoutp.InstructorPanelTest" name="comletionSalesreportl" time="44.930"/>
  <system-out/>
  <testcase classname="Testcaseoutp.InstructorPanelTest" name="FinSalesreportl" time="28.026"/>
  <system-out/>
  <testcase classname="Testcaseoutp.InstructorPanelTest" name="Finfinacsummary" time="23.710"/>
  <system-out/>
  <testcase classname="Testcaseoutp.InstructorPanelTest" name="Articles" time="20.922"/>
  <system-out/>
  <testcase classname="Testcaseoutp.InstructorPanelTest" name="FinfinfinacPayout" time="15.676"/>
  <system-out/>
  <testcase classname="Testcaseoutp.InstructorPanelTest" name="FinfinAddWalletMoney" time="49.235"/>
  <system-out/>
  <testcase classname="Testcaseoutp.InstructorPanelTest" name="FinfinAddSubscribe" time="23.736"/>
  <system-out/>
  <testcase classname="Testcaseoutp.InstructorPanelTest" name="FinfinInstallments" time="16.202"/>
  <system-out/>
  <testcase classname="Testcaseoutp.InstructorPanelTest" name="support" time="15.008"/>
  <system-out/>
  <testcase classname="Testcaseoutp.InstructorPanelTest" name="supportnewtest" time="34.957"/>
  <system-out/>
  <testcase classname="Testcaseoutp.InstructorPanelTest" name="supportnewscourseupporttest" time="43.903"/>
  <system-out/>
  <testcase classname="Testcaseoutp.InstructorPanelTest" name="supportnewTicketsttest" time="21.274"/>
  <system-out/>
  <testcase classname="Testcaseoutp.InstructorPanelTest" name="supportMarketingtest" time="23.074"/>
  <system-out/>
  <testcase classname="Testcaseoutp.InstructorPanelTest" name="sMarketingMarkDiscountstest" time="14.585"/>
  <system-out/>
  <testcase classname="Testcaseoutp.InstructorPanelTest" name="marktPromotionss" time="14.907"/>
  <system-out/>
  <testcase classname="Testcaseoutp.InstructorPanelTest" name="forum" time="35.374"/>
  <system-out/>
  <testcase classname="Testcaseoutp.InstructorPanelTest" name="forumnewForumsTopic" time="31.608"/>
  <system-out/>
  <testcase classname="Testcaseoutp.InstructorPanelTest" name="forumnewBookmark" time="23.142"/>
  <system-out/>
  <testcase classname="Testcaseoutp.InstructorPanelTest" name="Articlesnewart" time="29.551"/>
  <system-out/>
  <testcase classname="Testcaseoutp.InstructorPanelTest" name="ArticlComments" time="47.039"/>
  <system-out/>
  <testcase classname="Testcaseoutp.InstructorPanelTest" name="Noticeboardtest" time="14.550"/>
  <system-out/>
  <testcase classname="Testcaseoutp.InstructorPanelTest" name="Noticeboardtesto" time="13.039"/>
  <system-out/>
  <testcase classname="Testcaseoutp.InstructorPanelTest" name="Noticeboardhistorytesto" time="27.735"/>
  <system-out/>
  <testcase classname="Testcaseoutp.InstructorPanelTest" name="Noticeboardhistorytest" time="14.575"/>
  <system-out/>
  <testcase classname="Testcaseoutp.InstructorPanelTest" name="Noticeboarnewcourse" time="15.313"/>
  <system-out/>
  <testcase classname="Testcaseoutp.InstructorPanelTest" name="Noticeboarnewcoursenot" time="18.282"/>
  <system-out/>
  <testcase classname="Testcaseoutp.InstructorPanelTest" name="Noticeboarcourse" time="18.066"/>
  <system-out/>
  <testcase classname="Testcaseoutp.InstructorPanelTest" name="notificationinst" time="17.443">
    <error message="element click intercepted: Element &lt;span class=&quot;font-14 text-dark-blue font-weight-500&quot;&gt;...&lt;/span&gt; is not clickable at point (97, 575). Other element would receive the click: &lt;a href=&quot;/panel/course-noticeboard/new&quot;&gt;...&lt;/a&gt;
  (Session info: chrome=127.0.6533.72)
Build info: version: &#039;4.20.0&#039;, revision: &#039;866c76ca80&#039;
System info: os.name: &#039;Windows 10&#039;, os.arch: &#039;amd64&#039;, os.version: &#039;10.0&#039;, java.version: &#039;22.0.1&#039;
Driver info: org.openqa.selenium.chrome.ChromeDriver
Command: [bfa635a3e343fdb22e27146c56381eac, clickElement {id=f.B7082EAD93241A6275B1CD7FACE05529.d.1ABC165E2703F4B962300DE9EB100610.e.129}]
Capabilities {acceptInsecureCerts: false, browserName: chrome, browserVersion: 127.0.6533.72, chrome: {chromedriverVersion: 127.0.6533.72 (9755e24ca85a..., userDataDir: C:\Users\dell\AppData\Local...}, fedcm:accounts: true, goog:chromeOptions: {debuggerAddress: localhost:20228}, networkConnectionEnabled: false, pageLoadStrategy: normal, platformName: windows, proxy: Proxy(), se:cdp: ws://localhost:20228/devtoo..., se:cdpVersion: 127.0.6533.72, setWindowRect: true, strictFileInteractability: false, timeouts: {implicit: 0, pageLoad: 300000, script: 30000}, unhandledPromptBehavior: dismiss and notify, webauthn:extension:credBlob: true, webauthn:extension:largeBlob: true, webauthn:extension:minPinLength: true, webauthn:extension:prf: true, webauthn:virtualAuthenticators: true}
Element: [[ChromeDriver: chrome on windows (bfa635a3e343fdb22e27146c56381eac)] -&gt; xpath: //span[normalize-space()=&#039;Notifications&#039;]]
Session ID: bfa635a3e343fdb22e27146c56381eac" type="org.openqa.selenium.ElementClickInterceptedException">
      <![CDATA[org.openqa.selenium.ElementClickInterceptedException: element click intercepted: Element <span class="font-14 text-dark-blue font-weight-500">...</span> is not clickable at point (97, 575). Other element would receive the click: <a href="/panel/course-noticeboard/new">...</a>
  (Session info: chrome=127.0.6533.72)
Build info: version: '4.20.0', revision: '866c76ca80'
System info: os.name: 'Windows 10', os.arch: 'amd64', os.version: '10.0', java.version: '22.0.1'
Driver info: org.openqa.selenium.chrome.ChromeDriver
Command: [bfa635a3e343fdb22e27146c56381eac, clickElement {id=f.B7082EAD93241A6275B1CD7FACE05529.d.1ABC165E2703F4B962300DE9EB100610.e.129}]
Capabilities {acceptInsecureCerts: false, browserName: chrome, browserVersion: 127.0.6533.72, chrome: {chromedriverVersion: 127.0.6533.72 (9755e24ca85a..., userDataDir: C:\Users\dell\AppData\Local...}, fedcm:accounts: true, goog:chromeOptions: {debuggerAddress: localhost:20228}, networkConnectionEnabled: false, pageLoadStrategy: normal, platformName: windows, proxy: Proxy(), se:cdp: ws://localhost:20228/devtoo..., se:cdpVersion: 127.0.6533.72, setWindowRect: true, strictFileInteractability: false, timeouts: {implicit: 0, pageLoad: 300000, script: 30000}, unhandledPromptBehavior: dismiss and notify, webauthn:extension:credBlob: true, webauthn:extension:largeBlob: true, webauthn:extension:minPinLength: true, webauthn:extension:prf: true, webauthn:virtualAuthenticators: true}
Element: [[ChromeDriver: chrome on windows (bfa635a3e343fdb22e27146c56381eac)] -> xpath: //span[normalize-space()='Notifications']]
Session ID: bfa635a3e343fdb22e27146c56381eac
at java.base/jdk.internal.reflect.DirectConstructorHandleAccessor.newInstance(DirectConstructorHandleAccessor.java:62)
at java.base/java.lang.reflect.Constructor.newInstanceWithCaller(Constructor.java:502)
at java.base/java.lang.reflect.Constructor.newInstance(Constructor.java:486)
at org.openqa.selenium.remote.ErrorCodec.decode(ErrorCodec.java:167)
at org.openqa.selenium.remote.codec.w3c.W3CHttpResponseCodec.decode(W3CHttpResponseCodec.java:138)
at org.openqa.selenium.remote.codec.w3c.W3CHttpResponseCodec.decode(W3CHttpResponseCodec.java:50)
at org.openqa.selenium.remote.HttpCommandExecutor.execute(HttpCommandExecutor.java:190)
at org.openqa.selenium.remote.service.DriverCommandExecutor.invokeExecute(DriverCommandExecutor.java:216)
at org.openqa.selenium.remote.service.DriverCommandExecutor.execute(DriverCommandExecutor.java:174)
at org.openqa.selenium.remote.RemoteWebDriver.execute(RemoteWebDriver.java:518)
at org.openqa.selenium.remote.RemoteWebElement.execute(RemoteWebElement.java:223)
at org.openqa.selenium.remote.RemoteWebElement.click(RemoteWebElement.java:76)
at PageObject.InstructorDashboard.inssNotifications(InstructorDashboard.java:347)
at Testcaseoutp.InstructorPanelTest.notificationinst(InstructorPanelTest.java:1097)
at java.base/jdk.internal.reflect.DirectMethodHandleAccessor.invoke(DirectMethodHandleAccessor.java:103)
at java.base/java.lang.reflect.Method.invoke(Method.java:580)
at org.testng.internal.MethodInvocationHelper.invokeMethod(MethodInvocationHelper.java:133)
at org.testng.internal.TestInvoker.invokeMethod(TestInvoker.java:598)
at org.testng.internal.TestInvoker.invokeTestMethod(TestInvoker.java:173)
at org.testng.internal.MethodRunner.runInSequence(MethodRunner.java:46)
at org.testng.internal.TestInvoker$MethodInvocationAgent.invoke(TestInvoker.java:824)
at org.testng.internal.TestInvoker.invokeTestMethods(TestInvoker.java:146)
at org.testng.internal.TestMethodWorker.invokeTestMethods(TestMethodWorker.java:146)
at org.testng.internal.TestMethodWorker.run(TestMethodWorker.java:128)
at java.base/java.util.ArrayList.forEach(ArrayList.java:1597)
at org.testng.TestRunner.privateRun(TestRunner.java:794)
at org.testng.TestRunner.run(TestRunner.java:596)
at org.testng.SuiteRunner.runTest(SuiteRunner.java:377)
at org.testng.SuiteRunner.runSequentially(SuiteRunner.java:371)
at org.testng.SuiteRunner.privateRun(SuiteRunner.java:332)
at org.testng.SuiteRunner.run(SuiteRunner.java:276)
at org.testng.SuiteRunnerWorker.runSuite(SuiteRunnerWorker.java:53)
at org.testng.SuiteRunnerWorker.run(SuiteRunnerWorker.java:96)
at org.testng.TestNG.runSuitesSequentially(TestNG.java:1212)
at org.testng.TestNG.runSuitesLocally(TestNG.java:1134)
at org.testng.TestNG.runSuites(TestNG.java:1063)
at org.testng.TestNG.run(TestNG.java:1031)
at org.testng.remote.AbstractRemoteTestNG.run(AbstractRemoteTestNG.java:115)
at org.testng.remote.RemoteTestNG.initAndRun(RemoteTestNG.java:293)
at org.testng.remote.RemoteTestNG.main(RemoteTestNG.java:91)
]]>
    </error>
  </testcase> <!-- notificationinst -->
  <system-out/>
  <testcase classname="Testcaseoutp.InstructorPanelTest" name="inspanelSettingstest" time="35.521"/>
  <system-out/>
  <testcase classname="Testcaseoutp.InstructorPanelTest" name="Profileusertest" time="16.608"/>
  <system-out/>
  <testcase classname="Testcaseoutp.InstructorPanelTest" name="logout" time="15.835"/>
  <system-out/>
  <testcase classname="Testcaseoutp.InstructorPanelTest" name="profilename" time="20.068"/>
  <system-out/>
  <testcase classname="Testcaseoutp.InstructorPanelTest" name="checkuser" time="112.642">
    <error message="target frame detached
  (failed to check if window was closed: disconnected: not connected to DevTools)
  (Session info: chrome=127.0.6533.72)
Build info: version: &#039;4.20.0&#039;, revision: &#039;866c76ca80&#039;
System info: os.name: &#039;Windows 10&#039;, os.arch: &#039;amd64&#039;, os.version: &#039;10.0&#039;, java.version: &#039;22.0.1&#039;
Driver info: org.openqa.selenium.chrome.ChromeDriver
Command: [dc7a98fd948fdf87b3a1bd225b148d3e, findElement {using=xpath, value=//span[@class=&#039;mt-5 text-gray font-12&#039;]}]
Capabilities {acceptInsecureCerts: false, browserName: chrome, browserVersion: 127.0.6533.72, chrome: {chromedriverVersion: 127.0.6533.72 (9755e24ca85a..., userDataDir: C:\Users\dell\AppData\Local...}, fedcm:accounts: true, goog:chromeOptions: {debuggerAddress: localhost:20476}, networkConnectionEnabled: false, pageLoadStrategy: normal, platformName: windows, proxy: Proxy(), se:cdp: ws://localhost:20476/devtoo..., se:cdpVersion: 127.0.6533.72, setWindowRect: true, strictFileInteractability: false, timeouts: {implicit: 0, pageLoad: 300000, script: 30000}, unhandledPromptBehavior: dismiss and notify, webauthn:extension:credBlob: true, webauthn:extension:largeBlob: true, webauthn:extension:minPinLength: true, webauthn:extension:prf: true, webauthn:virtualAuthenticators: true}
Session ID: dc7a98fd948fdf87b3a1bd225b148d3e" type="org.openqa.selenium.WebDriverException">
      <![CDATA[org.openqa.selenium.WebDriverException: target frame detached
  (failed to check if window was closed: disconnected: not connected to DevTools)
  (Session info: chrome=127.0.6533.72)
Build info: version: '4.20.0', revision: '866c76ca80'
System info: os.name: 'Windows 10', os.arch: 'amd64', os.version: '10.0', java.version: '22.0.1'
Driver info: org.openqa.selenium.chrome.ChromeDriver
Command: [dc7a98fd948fdf87b3a1bd225b148d3e, findElement {using=xpath, value=//span[@class='mt-5 text-gray font-12']}]
Capabilities {acceptInsecureCerts: false, browserName: chrome, browserVersion: 127.0.6533.72, chrome: {chromedriverVersion: 127.0.6533.72 (9755e24ca85a..., userDataDir: C:\Users\dell\AppData\Local...}, fedcm:accounts: true, goog:chromeOptions: {debuggerAddress: localhost:20476}, networkConnectionEnabled: false, pageLoadStrategy: normal, platformName: windows, proxy: Proxy(), se:cdp: ws://localhost:20476/devtoo..., se:cdpVersion: 127.0.6533.72, setWindowRect: true, strictFileInteractability: false, timeouts: {implicit: 0, pageLoad: 300000, script: 30000}, unhandledPromptBehavior: dismiss and notify, webauthn:extension:credBlob: true, webauthn:extension:largeBlob: true, webauthn:extension:minPinLength: true, webauthn:extension:prf: true, webauthn:virtualAuthenticators: true}
Session ID: dc7a98fd948fdf87b3a1bd225b148d3e
at java.base/jdk.internal.reflect.DirectConstructorHandleAccessor.newInstance(DirectConstructorHandleAccessor.java:62)
at java.base/java.lang.reflect.Constructor.newInstanceWithCaller(Constructor.java:502)
at java.base/java.lang.reflect.Constructor.newInstance(Constructor.java:486)
at org.openqa.selenium.remote.ErrorCodec.decode(ErrorCodec.java:167)
at org.openqa.selenium.remote.codec.w3c.W3CHttpResponseCodec.decode(W3CHttpResponseCodec.java:138)
at org.openqa.selenium.remote.codec.w3c.W3CHttpResponseCodec.decode(W3CHttpResponseCodec.java:50)
at org.openqa.selenium.remote.HttpCommandExecutor.execute(HttpCommandExecutor.java:190)
at org.openqa.selenium.remote.service.DriverCommandExecutor.invokeExecute(DriverCommandExecutor.java:216)
at org.openqa.selenium.remote.service.DriverCommandExecutor.execute(DriverCommandExecutor.java:174)
at org.openqa.selenium.remote.RemoteWebDriver.execute(RemoteWebDriver.java:518)
at org.openqa.selenium.remote.ElementLocation$ElementFinder$2.findElement(ElementLocation.java:165)
at org.openqa.selenium.remote.ElementLocation.findElement(ElementLocation.java:59)
at org.openqa.selenium.remote.RemoteWebDriver.findElement(RemoteWebDriver.java:355)
at org.openqa.selenium.remote.RemoteWebDriver.findElement(RemoteWebDriver.java:349)
at PageObject.InstructorDashboard.checkprofile(InstructorDashboard.java:379)
at Testcaseoutp.InstructorPanelTest.checkuser(InstructorPanelTest.java:1197)
at java.base/jdk.internal.reflect.DirectMethodHandleAccessor.invoke(DirectMethodHandleAccessor.java:103)
at java.base/java.lang.reflect.Method.invoke(Method.java:580)
at org.testng.internal.MethodInvocationHelper.invokeMethod(MethodInvocationHelper.java:133)
at org.testng.internal.TestInvoker.invokeMethod(TestInvoker.java:598)
at org.testng.internal.TestInvoker.invokeTestMethod(TestInvoker.java:173)
at org.testng.internal.MethodRunner.runInSequence(MethodRunner.java:46)
at org.testng.internal.TestInvoker$MethodInvocationAgent.invoke(TestInvoker.java:824)
at org.testng.internal.TestInvoker.invokeTestMethods(TestInvoker.java:146)
at org.testng.internal.TestMethodWorker.invokeTestMethods(TestMethodWorker.java:146)
at org.testng.internal.TestMethodWorker.run(TestMethodWorker.java:128)
at java.base/java.util.ArrayList.forEach(ArrayList.java:1597)
at org.testng.TestRunner.privateRun(TestRunner.java:794)
at org.testng.TestRunner.run(TestRunner.java:596)
at org.testng.SuiteRunner.runTest(SuiteRunner.java:377)
at org.testng.SuiteRunner.runSequentially(SuiteRunner.java:371)
at org.testng.SuiteRunner.privateRun(SuiteRunner.java:332)
at org.testng.SuiteRunner.run(SuiteRunner.java:276)
at org.testng.SuiteRunnerWorker.runSuite(SuiteRunnerWorker.java:53)
at org.testng.SuiteRunnerWorker.run(SuiteRunnerWorker.java:96)
at org.testng.TestNG.runSuitesSequentially(TestNG.java:1212)
at org.testng.TestNG.runSuitesLocally(TestNG.java:1134)
at org.testng.TestNG.runSuites(TestNG.java:1063)
at org.testng.TestNG.run(TestNG.java:1031)
at org.testng.remote.AbstractRemoteTestNG.run(AbstractRemoteTestNG.java:115)
at org.testng.remote.RemoteTestNG.initAndRun(RemoteTestNG.java:293)
at org.testng.remote.RemoteTestNG.main(RemoteTestNG.java:91)
]]>
    </error>
  </testcase> <!-- checkuser -->
  <system-out/>
</testsuite> <!-- Testcaseoutp.InstructorPanelTest -->
