<?xml version="1.0" encoding="UTF-8"?>
<!-- Generated by org.testng.reporters.JUnitReportReporter -->
<testsuite hostname="DESKTOP-NR7OAAO" failures="0" tests="4" name="Testcaseoutp.videAstromani" time="473.041" errors="0" timestamp="2024-09-25T18:53:58 IST" skipped="0">
  <testcase classname="Testcaseoutp.videAstromani" name="checkdatauseraccess" time="108.289"/>
  <system-out/>
  <testcase classname="Testcaseoutp.videAstromani" name="checkdatauseraccess" time="172.142"/>
  <system-out/>
  <testcase classname="Testcaseoutp.videAstromani" name="checkdatauseraccess" time="102.675"/>
  <system-out/>
  <testcase classname="Testcaseoutp.videAstromani" name="checkdatauseraccess" time="89.935"/>
  <system-out/>
</testsuite> <!-- Testcaseoutp.videAstromani -->
