<?xml version="1.0" encoding="UTF-8"?>
<!-- Generated by org.testng.reporters.JUnitReportReporter -->
<testsuite hostname="DESKTOP-NR7OAAO" failures="0" tests="1" name="Testcaseoutp.PaymentsMethods" time="68.360" errors="0" timestamp="2024-09-23T17:29:56 IST" skipped="0">
  <testcase classname="Testcaseoutp.PaymentsMethods" name="courseselectBynow" time="68.360"/>
  <system-out/>
</testsuite> <!-- Testcaseoutp.PaymentsMethods -->
