<?xml version="1.0" encoding="UTF-8"?>
<!-- Generated by org.testng.reporters.JUnitReportReporter -->
<testsuite hostname="DESKTOP-NR7OAAO" failures="0" tests="1" name="Testcaseoutp.LoginpageTest" time="12.313" errors="0" timestamp="2024-07-09T12:53:50 IST" skipped="0">
  <testcase classname="Testcaseoutp.LoginpageTest" name="getname" time="12.313"/>
  <system-out/>
</testsuite> <!-- Testcaseoutp.LoginpageTest -->
